<?xml version="1.0" encoding="utf-8"?><testsuites name="pytest tests"><testsuite name="pytest" errors="0" failures="0" skipped="0" tests="4" time="1.245" timestamp="2026-07-03T10:01:33.526680+00:00" hostname="agent-env-390ee358-c9bb-4659-8b26-443a31b0286c"><testcase classname="tests.backend_test" name="test_health" time="0.259" /><testcase classname="tests.backend_test" name="test_create_lead_and_list" time="0.208" /><testcase classname="tests.backend_test" name="test_create_lead_invalid_email" time="0.123" /><testcase classname="tests.backend_test" name="test_create_contact" time="0.147" /></testsuite></testsuites>